<?xml version="1.0" encoding="UTF-8"?>
<testsuite xmlns:xsi="http://www.w3.org/2001/XMLSchema-instance" xsi:noNamespaceSchemaLocation="https://maven.apache.org/surefire/maven-surefire-plugin/xsd/surefire-test-report.xsd" name="com.mallonflowerz.spigot.PluginTest" time="0.039" tests="1" errors="0" skipped="0" failures="0">
  <properties>
    <property name="java.specification.version" value="17"/>
    <property name="sun.cpu.isalist" value="amd64"/>
    <property name="sun.jnu.encoding" value="Cp1252"/>
    <property name="java.class.path" value="c:\Users\marlo\Documents\NetBeansProjects\minecraft-plugin-spigot-API\target\test-classes;c:\Users\marlo\Documents\NetBeansProjects\minecraft-plugin-spigot-API\target\classes;C:\Users\marlo\.m2\repository\junit\junit\4.11\junit-4.11.jar;C:\Users\marlo\.m2\repository\org\hamcrest\hamcrest-core\1.3\hamcrest-core-1.3.jar;C:\Users\marlo\.m2\repository\org\spigotmc\spigot-api\1.20.1-R0.1-SNAPSHOT\spigot-api-1.20.1-R0.1-SNAPSHOT.jar;C:\Users\marlo\.m2\repository\com\google\guava\guava\31.1-jre\guava-31.1-jre.jar;C:\Users\marlo\.m2\repository\com\google\guava\failureaccess\1.0.1\failureaccess-1.0.1.jar;C:\Users\marlo\.m2\repository\com\google\guava\listenablefuture\9999.0-empty-to-avoid-conflict-with-guava\listenablefuture-9999.0-empty-to-avoid-conflict-with-guava.jar;C:\Users\marlo\.m2\repository\com\google\code\findbugs\jsr305\3.0.2\jsr305-3.0.2.jar;C:\Users\marlo\.m2\repository\org\checkerframework\checker-qual\3.12.0\checker-qual-3.12.0.jar;C:\Users\marlo\.m2\repository\com\google\errorprone\error_prone_annotations\2.11.0\error_prone_annotations-2.11.0.jar;C:\Users\marlo\.m2\repository\com\google\j2objc\j2objc-annotations\1.3\j2objc-annotations-1.3.jar;C:\Users\marlo\.m2\repository\com\google\code\gson\gson\2.10\gson-2.10.jar;C:\Users\marlo\.m2\repository\org\joml\joml\1.10.5\joml-1.10.5.jar;C:\Users\marlo\.m2\repository\net\md-5\bungeecord-chat\1.20-R0.1\bungeecord-chat-1.20-R0.1.jar;C:\Users\marlo\.m2\repository\org\yaml\snakeyaml\2.0\snakeyaml-2.0.jar;"/>
    <property name="java.vm.vendor" value="Oracle Corporation"/>
    <property name="sun.arch.data.model" value="64"/>
    <property name="user.variant" value=""/>
    <property name="java.vendor.url" value="https://java.oracle.com/"/>
    <property name="user.timezone" value="America/Bogota"/>
    <property name="os.name" value="Windows 10"/>
    <property name="java.vm.specification.version" value="17"/>
    <property name="sun.java.launcher" value="SUN_STANDARD"/>
    <property name="user.country" value="CO"/>
    <property name="sun.boot.library.path" value="C:\Program Files\Java\jdk-17\bin"/>
    <property name="sun.java.command" value="C:\Users\marlo\AppData\Local\Temp\surefire7586921633580208749\surefirebooter13367708172451593534.jar C:\Users\marlo\AppData\Local\Temp\surefire7586921633580208749 2023-08-09T14-52-06_415-jvmRun1 surefire747208679390287671tmp surefire_05868319908106620019tmp"/>
    <property name="jdk.debug" value="release"/>
    <property name="surefire.test.class.path" value="c:\Users\marlo\Documents\NetBeansProjects\minecraft-plugin-spigot-API\target\test-classes;c:\Users\marlo\Documents\NetBeansProjects\minecraft-plugin-spigot-API\target\classes;C:\Users\marlo\.m2\repository\junit\junit\4.11\junit-4.11.jar;C:\Users\marlo\.m2\repository\org\hamcrest\hamcrest-core\1.3\hamcrest-core-1.3.jar;C:\Users\marlo\.m2\repository\org\spigotmc\spigot-api\1.20.1-R0.1-SNAPSHOT\spigot-api-1.20.1-R0.1-SNAPSHOT.jar;C:\Users\marlo\.m2\repository\com\google\guava\guava\31.1-jre\guava-31.1-jre.jar;C:\Users\marlo\.m2\repository\com\google\guava\failureaccess\1.0.1\failureaccess-1.0.1.jar;C:\Users\marlo\.m2\repository\com\google\guava\listenablefuture\9999.0-empty-to-avoid-conflict-with-guava\listenablefuture-9999.0-empty-to-avoid-conflict-with-guava.jar;C:\Users\marlo\.m2\repository\com\google\code\findbugs\jsr305\3.0.2\jsr305-3.0.2.jar;C:\Users\marlo\.m2\repository\org\checkerframework\checker-qual\3.12.0\checker-qual-3.12.0.jar;C:\Users\marlo\.m2\repository\com\google\errorprone\error_prone_annotations\2.11.0\error_prone_annotations-2.11.0.jar;C:\Users\marlo\.m2\repository\com\google\j2objc\j2objc-annotations\1.3\j2objc-annotations-1.3.jar;C:\Users\marlo\.m2\repository\com\google\code\gson\gson\2.10\gson-2.10.jar;C:\Users\marlo\.m2\repository\org\joml\joml\1.10.5\joml-1.10.5.jar;C:\Users\marlo\.m2\repository\net\md-5\bungeecord-chat\1.20-R0.1\bungeecord-chat-1.20-R0.1.jar;C:\Users\marlo\.m2\repository\org\yaml\snakeyaml\2.0\snakeyaml-2.0.jar;"/>
    <property name="sun.cpu.endian" value="little"/>
    <property name="user.home" value="C:\Users\marlo"/>
    <property name="user.language" value="es"/>
    <property name="java.specification.vendor" value="Oracle Corporation"/>
    <property name="java.version.date" value="2023-01-17"/>
    <property name="java.home" value="C:\Program Files\Java\jdk-17"/>
    <property name="file.separator" value="\"/>
    <property name="basedir" value="c:\Users\marlo\Documents\NetBeansProjects\minecraft-plugin-spigot-API"/>
    <property name="java.vm.compressedOopsMode" value="Zero based"/>
    <property name="line.separator" value="&#10;"/>
    <property name="java.vm.specification.vendor" value="Oracle Corporation"/>
    <property name="java.specification.name" value="Java Platform API Specification"/>
    <property name="surefire.real.class.path" value="C:\Users\marlo\AppData\Local\Temp\surefire7586921633580208749\surefirebooter13367708172451593534.jar"/>
    <property name="user.script" value=""/>
    <property name="sun.management.compiler" value="HotSpot 64-Bit Tiered Compilers"/>
    <property name="java.runtime.version" value="17.0.6+9-LTS-190"/>
    <property name="user.name" value="marlo"/>
    <property name="path.separator" value=";"/>
    <property name="os.version" value="10.0"/>
    <property name="java.runtime.name" value="Java(TM) SE Runtime Environment"/>
    <property name="file.encoding" value="Cp1252"/>
    <property name="java.vm.name" value="Java HotSpot(TM) 64-Bit Server VM"/>
    <property name="localRepository" value="C:\Users\marlo\.m2\repository"/>
    <property name="java.vendor.url.bug" value="https://bugreport.java.com/bugreport/"/>
    <property name="java.io.tmpdir" value="C:\Users\marlo\AppData\Local\Temp\"/>
    <property name="java.version" value="17.0.6"/>
    <property name="user.dir" value="c:\Users\marlo\Documents\NetBeansProjects\minecraft-plugin-spigot-API"/>
    <property name="os.arch" value="amd64"/>
    <property name="java.vm.specification.name" value="Java Virtual Machine Specification"/>
    <property name="sun.os.patch.level" value=""/>
    <property name="native.encoding" value="Cp1252"/>
    <property name="java.library.path" value="C:\Program Files\Java\jdk-17\bin;C:\Windows\Sun\Java\bin;C:\Windows\system32;C:\Windows;C:\xampp1\php;C:\Windows\system32;C:\Windows;C:\Windows\System32\Wbem;C:\Windows\System32\WindowsPowerShell\v1.0\;C:\Windows\System32\OpenSSH\;C:\Program Files\Git\cmd;C:\Program Files\dotnet\;C:\Users\marlo\AppData\Local\Programs\Python\Python39\Scripts;C:\Program Files\nodejs\;C:\Program Files\apache-maven-3.8.7\bin;C:\Program Files\Java\jdk-17\bin;C:\Program Files\Java\jdk-17;C:\xampp\mysql\bin;;C:\Program Files\Docker\Docker\resources\bin;C:\ProgramData\chocolatey\bin;C:\Program Files\MySQL\MySQL Shell 8.0\bin\;C:\Users\marlo\AppData\Local\Microsoft\WindowsApps;C:\Users\marlo\AppData\Local\Programs\Microsoft VS Code\bin;C:\Users\marlo\Documents\flutter\bin;C:\Program Files\heroku\bin;C:\Users\marlo\AppData\Roaming\npm;C:\Program Files\JetBrains\IntelliJ IDEA 2022.3.2\bin;;C:\xampp1\php;C:\Users\marlo\AppData\Local\ComposerSetup\bin;C:\Users\marlo\AppData\Roaming\Composer\vendor\bin;C:\Program Files\JetBrains\IntelliJ IDEA Community Edition 2023.1.4\bin;;."/>
    <property name="java.vm.info" value="mixed mode, sharing"/>
    <property name="java.vendor" value="Oracle Corporation"/>
    <property name="java.vm.version" value="17.0.6+9-LTS-190"/>
    <property name="sun.io.unicode.encoding" value="UnicodeLittle"/>
    <property name="java.class.version" value="61.0"/>
  </properties>
  <testcase name="shouldAnswerWithTrue" classname="com.mallonflowerz.spigot.PluginTest" time="0.003"/>
</testsuite>